08-Aug-2018 09:13:29.933 WARNING [http-nio-8080-exec-31] org.apache.catalina.realm.LockOutRealm.filterLockedAccounts An attempt was made to authenticate the locked user [admin]
08-Aug-2018 09:13:29.973 WARNING [http-nio-8080-exec-23] org.apache.catalina.realm.LockOutRealm.filterLockedAccounts An attempt was made to authenticate the locked user [admin]
08-Aug-2018 09:13:30.177 WARNING [http-nio-8080-exec-31] org.apache.catalina.realm.LockOutRealm.filterLockedAccounts An attempt was made to authenticate the locked user [root]
08-Aug-2018 09:13:30.178 WARNING [http-nio-8080-exec-23] org.apache.catalina.realm.LockOutRealm.filterLockedAccounts An attempt was made to authenticate the locked user [root]
08-Aug-2018 09:13:30.342 WARNING [http-nio-8080-exec-29] org.apache.catalina.realm.LockOutRealm.filterLockedAccounts An attempt was made to authenticate the locked user [root]
08-Aug-2018 09:13:30.423 WARNING [http-nio-8080-exec-26] org.apache.catalina.realm.LockOutRealm.filterLockedAccounts An attempt was made to authenticate the locked user [jenkins]
08-Aug-2018 09:13:30.425 WARNING [http-nio-8080-exec-31] org.apache.catalina.realm.LockOutRealm.filterLockedAccounts An attempt was made to authenticate the locked user [jenkins]
08-Aug-2018 09:13:30.464 WARNING [http-nio-8080-exec-27] org.apache.catalina.realm.LockOutRealm.filterLockedAccounts An attempt was made to authenticate the locked user [jenkins]
08-Aug-2018 09:13:30.630 WARNING [http-nio-8080-exec-28] org.apache.catalina.realm.LockOutRealm.filterLockedAccounts An attempt was made to authenticate the locked user [manager]
08-Aug-2018 09:13:30.711 WARNING [http-nio-8080-exec-24] org.apache.catalina.realm.LockOutRealm.filterLockedAccounts An attempt was made to authenticate the locked user [manager]
08-Aug-2018 13:33:34.103 INFO [http-nio-8080-exec-26] org.apache.catalina.startup.HostConfig.deployWAR Deploying web application archive [/home/hoangminhk4b/Tung/apache-tomcat-8.5.32/webapps/uays9q0cxuwcexpvx6m7zv0lfzts5a.war]
08-Aug-2018 13:33:34.554 INFO [http-nio-8080-exec-26] org.apache.catalina.startup.HostConfig.deployWAR Deployment of web application archive [/home/hoangminhk4b/Tung/apache-tomcat-8.5.32/webapps/uays9q0cxuwcexpvx6m7zv0lfzts5a.war] has finished in [451] ms
08-Aug-2018 13:33:46.818 INFO [http-nio-8080-exec-32] org.apache.catalina.startup.HostConfig.undeploy Undeploying context [/uays9q0cxuwcexpvx6m7zv0lfzts5a]
08-Aug-2018 15:18:36.030 WARNING [http-nio-8080-exec-35] org.apache.catalina.realm.LockOutRealm.filterLockedAccounts An attempt was made to authenticate the locked user [jenkins]
08-Aug-2018 15:18:36.070 WARNING [http-nio-8080-exec-42] org.apache.catalina.realm.LockOutRealm.filterLockedAccounts An attempt was made to authenticate the locked user [jenkins]
08-Aug-2018 15:18:36.073 WARNING [http-nio-8080-exec-34] org.apache.catalina.realm.LockOutRealm.filterLockedAccounts An attempt was made to authenticate the locked user [jenkins]
08-Aug-2018 15:18:36.399 WARNING [http-nio-8080-exec-41] org.apache.catalina.realm.LockOutRealm.filterLockedAccounts An attempt was made to authenticate the locked user [root]
08-Aug-2018 15:18:36.400 WARNING [http-nio-8080-exec-33] org.apache.catalina.realm.LockOutRealm.filterLockedAccounts An attempt was made to authenticate the locked user [root]
08-Aug-2018 15:18:36.440 WARNING [http-nio-8080-exec-39] org.apache.catalina.realm.LockOutRealm.filterLockedAccounts An attempt was made to authenticate the locked user [root]
08-Aug-2018 17:22:16.292 INFO [http-nio-8080-exec-41] org.apache.coyote.http11.Http11Processor.service Error parsing HTTP request header
 Note: further occurrences of HTTP header parsing errors will be logged at DEBUG level.
 java.lang.IllegalArgumentException: Invalid character found in method name. HTTP method names must be tokens
	at org.apache.coyote.http11.Http11InputBuffer.parseRequestLine(Http11InputBuffer.java:428)
	at org.apache.coyote.http11.Http11Processor.service(Http11Processor.java:684)
	at org.apache.coyote.AbstractProcessorLight.process(AbstractProcessorLight.java:66)
	at org.apache.coyote.AbstractProtocol$ConnectionHandler.process(AbstractProtocol.java:800)
	at org.apache.tomcat.util.net.NioEndpoint$SocketProcessor.doRun(NioEndpoint.java:1471)
	at org.apache.tomcat.util.net.SocketProcessorBase.run(SocketProcessorBase.java:49)
	at java.util.concurrent.ThreadPoolExecutor.runWorker(ThreadPoolExecutor.java:1149)
	at java.util.concurrent.ThreadPoolExecutor$Worker.run(ThreadPoolExecutor.java:624)
	at org.apache.tomcat.util.threads.TaskThread$WrappingRunnable.run(TaskThread.java:61)
	at java.lang.Thread.run(Thread.java:748)

08-Aug-2018 19:17:05.665 INFO [http-nio-8080-exec-39] org.apache.catalina.startup.HostConfig.deployWAR Deploying web application archive [/home/hoangminhk4b/Tung/apache-tomcat-8.5.32/webapps/etahwu3ypsy9edb6sftny1poxn6k0p.war]
08-Aug-2018 19:17:05.993 INFO [http-nio-8080-exec-39] org.apache.catalina.startup.HostConfig.deployWAR Deployment of web application archive [/home/hoangminhk4b/Tung/apache-tomcat-8.5.32/webapps/etahwu3ypsy9edb6sftny1poxn6k0p.war] has finished in [328] ms
08-Aug-2018 19:17:17.531 INFO [http-nio-8080-exec-35] org.apache.catalina.startup.HostConfig.undeploy Undeploying context [/etahwu3ypsy9edb6sftny1poxn6k0p]
